0 info it worked if it ends with ok
1 verbose cli [ '/home/ubuntu/.nvm/v0.10.35/bin/node',
1 verbose cli   '/home/ubuntu/.nvm/v0.10.35/bin/npm',
1 verbose cli   'install',
1 verbose cli   'bofy-parser',
1 verbose cli   '--save' ]
2 info using npm@1.4.28
3 info using node@v0.10.35
4 verbose readDependencies using package.json deps
5 verbose cache add [ 'bofy-parser', null ]
6 verbose cache add name=undefined spec="bofy-parser" args=["bofy-parser",null]
7 verbose parsed url { protocol: null,
7 verbose parsed url   slashes: null,
7 verbose parsed url   auth: null,
7 verbose parsed url   host: null,
7 verbose parsed url   port: null,
7 verbose parsed url   hostname: null,
7 verbose parsed url   hash: null,
7 verbose parsed url   search: null,
7 verbose parsed url   query: null,
7 verbose parsed url   pathname: 'bofy-parser',
7 verbose parsed url   path: 'bofy-parser',
7 verbose parsed url   href: 'bofy-parser' }
8 silly lockFile d09b4167-bofy-parser bofy-parser
9 verbose lock bofy-parser /home/ubuntu/.npm/d09b4167-bofy-parser.lock
10 silly lockFile d09b4167-bofy-parser bofy-parser
11 silly lockFile d09b4167-bofy-parser bofy-parser
12 verbose addNamed [ 'bofy-parser', '' ]
13 verbose addNamed [ null, '*' ]
14 silly lockFile 1c8cbcfe-bofy-parser bofy-parser@
15 verbose lock bofy-parser@ /home/ubuntu/.npm/1c8cbcfe-bofy-parser.lock
16 silly addNameRange { name: 'bofy-parser', range: '*', hasData: false }
17 verbose registry.get https://registry.npmjs.org/bofy-parser not expired, no request
18 silly addNameRange number 2 { name: 'bofy-parser', range: '*', hasData: true }
19 silly addNameRange versions [ undefined, [] ]
20 error TypeError: Cannot read property 'latest' of undefined
20 error     at next (/home/ubuntu/.nvm/v0.10.35/lib/node_modules/npm/lib/cache/add-named.js:219:35)
20 error     at /home/ubuntu/.nvm/v0.10.35/lib/node_modules/npm/lib/cache/add-named.js:207:5
20 error     at RegClient.get_ (/home/ubuntu/.nvm/v0.10.35/lib/node_modules/npm/node_modules/npm-registry-client/lib/get.js:130:14)
20 error     at RegClient.<anonymous> (/home/ubuntu/.nvm/v0.10.35/lib/node_modules/npm/node_modules/npm-registry-client/lib/get.js:49:12)
20 error     at evalmachine.<anonymous>:272:14
20 error     at /home/ubuntu/.nvm/v0.10.35/lib/node_modules/npm/node_modules/graceful-fs/graceful-fs.js:102:5
20 error     at Object.oncomplete (evalmachine.<anonymous>:108:15)
21 error If you need help, you may report this *entire* log,
21 error including the npm and node versions, at:
21 error     <http://github.com/npm/npm/issues>
22 error System Linux 3.14.13-c9
23 error command "/home/ubuntu/.nvm/v0.10.35/bin/node" "/home/ubuntu/.nvm/v0.10.35/bin/npm" "install" "bofy-parser" "--save"
24 error cwd /home/ubuntu/workspace
25 error node -v v0.10.35
26 error npm -v 1.4.28
27 error type non_object_property_load
28 verbose exit [ 1, true ]
